<?xml version="1.0" encoding="UTF-8"?>
<!-- Generated by org.testng.reporters.JUnitReportReporter -->
<testsuite skipped="0" hostname="DASHD2" name="com.test.regression.VerifySIMOrdererCreation" tests="1" failures="0" timestamp="27 Nov 2017 05:24:12 GMT" time="11.538" errors="0">
  <testcase name="verifyNewSIMorder" time="11.538" classname="com.test.regression.VerifySIMOrdererCreation"/>
</testsuite> <!-- com.test.regression.VerifySIMOrdererCreation -->
