<?xml version="1.0" encoding="UTF-8"?>
<!-- Generated by org.testng.reporters.JUnitReportReporter -->
<testsuite skipped="0" hostname="DASHD2" name="com.framework.pageObject.LoginPage" tests="2" failures="0" timestamp="06 Nov 2017 12:53:49 GMT" time="10.498" errors="0">
  <testcase name="login" time="10.217" classname="com.framework.pageObject.LoginPage"/>
  <testcase name="logOut" time="0.281" classname="com.framework.pageObject.LoginPage"/>
</testsuite> <!-- com.framework.pageObject.LoginPage -->
