<?xml version="1.0" encoding="UTF-8"?>
<!-- Generated by org.testng.reporters.JUnitReportReporter -->
<testsuite skipped="0" hostname="DASHD2" name="com.app.utils.VerifyBrokenLink" tests="1" failures="0" timestamp="06 Nov 2017 12:26:57 GMT" time="16.474" errors="0">
  <testcase name="verifyBrokenLink" time="16.474" classname="com.app.utils.VerifyBrokenLink"/>
</testsuite> <!-- com.app.utils.VerifyBrokenLink -->
