<?xml version="1.0" encoding="UTF-8"?>
<!-- Generated by org.testng.reporters.JUnitReportReporter -->
<testsuite skipped="0" hostname="DASHD2" name="com.test.regression.VerifyLoginPage" tests="2" failures="0" timestamp="15 Nov 2017 10:33:34 GMT" time="7.884" errors="0">
  <testcase name="login" time="7.368" classname="com.test.regression.VerifyLoginPage"/>
  <testcase name="logOut" time="0.516" classname="com.test.regression.VerifyLoginPage"/>
</testsuite> <!-- com.test.regression.VerifyLoginPage -->
