<?xml version="1.0" encoding="UTF-8"?>
<!-- Generated by org.testng.reporters.JUnitReportReporter -->
<testsuite skipped="0" hostname="DASHD2" name="com.test.regression.VerifyTPCreation" tests="1" failures="0" timestamp="19 Nov 2017 04:08:06 GMT" time="0.214" errors="0">
  <testcase name="verifyTechProfCreation" time="0.214" classname="com.test.regression.VerifyTPCreation"/>
</testsuite> <!-- com.test.regression.VerifyTPCreation -->
