<?xml version="1.0" encoding="UTF-8"?>
<!-- Generated by org.testng.reporters.JUnitReportReporter -->
<testsuite skipped="0" hostname="DASHD2" name="com.test.regression.TestMain" tests="1" failures="0" timestamp="17 Nov 2017 03:52:19 GMT" time="0.000" errors="0">
  <testcase name="test1" time="0.000" classname="com.test.regression.TestMain"/>
</testsuite> <!-- com.test.regression.TestMain -->
