<?xml version="1.0" encoding="UTF-8"?>
<!-- Generated by org.testng.reporters.JUnitReportReporter -->
<testsuite skipped="0" hostname="DASHD2" name="com.test.regression.VerifyLogin" tests="1" failures="0" timestamp="15 Nov 2017 10:06:55 GMT" time="0.031" errors="0">
  <testcase name="loginToDSP" time="0.031" classname="com.test.regression.VerifyLogin"/>
</testsuite> <!-- com.test.regression.VerifyLogin -->
