<?xml version="1.0" encoding="UTF-8"?>
<!-- Generated by org.testng.reporters.JUnitReportReporter -->
<testsuite skipped="0" hostname="DASHD2" name="com.framework.testbase.TestBsae" tests="1" failures="0" timestamp="06 Nov 2017 10:27:22 GMT" time="55.509" errors="0">
  <testcase name="login" time="55.509" classname="com.framework.testbase.TestBsae"/>
</testsuite> <!-- com.framework.testbase.TestBsae -->
