<?xml version="1.0" encoding="UTF-8"?>
<!-- Generated by org.testng.reporters.JUnitReportReporter -->
<testsuite skipped="0" hostname="DASHD2" name="com.app.utils.NewTest" tests="2" failures="0" timestamp="27 Oct 2017 12:15:57 GMT" time="0.012" errors="0">
  <testcase name="f" time="0.002" classname="com.app.utils.NewTest"/>
  <testcase name="f" time="0.010" classname="com.app.utils.NewTest"/>
</testsuite> <!-- com.app.utils.NewTest -->
