<?xml version="1.0" encoding="UTF-8"?>
<!-- Generated by org.testng.reporters.JUnitReportReporter -->
<testsuite skipped="0" hostname="DASHD2" name="com.framework.pageObject.Logout" tests="1" failures="0" timestamp="20 Nov 2017 12:50:11 GMT" time="0.396" errors="0">
  <testcase name="logOut" time="0.396" classname="com.framework.pageObject.Logout"/>
</testsuite> <!-- com.framework.pageObject.Logout -->
