<?xml version="1.0" encoding="UTF-8"?>
<!-- Generated by org.testng.reporters.JUnitReportReporter -->
<testsuite skipped="0" hostname="DASHD2" name="com.test.utils.VerifyHomePage" tests="1" failures="0" timestamp="05 Nov 2017 18:11:14 GMT" time="31.188" errors="0">
  <testcase name="verifyHomePage" time="31.188" classname="com.test.utils.VerifyHomePage"/>
</testsuite> <!-- com.test.utils.VerifyHomePage -->
